This is pdfTeX, Version 3.141592653-2.6-1.40.27 (TeX Live 2025) (preloaded format=pdflatex 2025.3.8)  2 JAN 2026 19:06
entering extended mode
 restricted \write18 enabled.
 file:line:error style messages enabled.
 %&-line parsing enabled.
**paper.tex
(./paper.tex
LaTeX2e <2024-11-01> patch level 2
L3 programming layer <2025-01-18>
(/usr/local/texlive/2025/texmf-dist/tex/latex/base/article.cls
Document Class: article 2024/06/29 v1.4n Standard LaTeX document class
(/usr/local/texlive/2025/texmf-dist/tex/latex/base/size10.clo
File: size10.clo 2024/06/29 v1.4n Standard LaTeX file (size option)
)
\c@part=\count196
\c@section=\count197
\c@subsection=\count198
\c@subsubsection=\count199
\c@paragraph=\count266
\c@subparagraph=\count267
\c@figure=\count268
\c@table=\count269
\abovecaptionskip=\skip49
\belowcaptionskip=\skip50
\bibindent=\dimen141
) (/usr/local/texlive/2025/texmf-dist/tex/latex/microtype/microtype.sty
Package: microtype 2025/02/11 v3.2a Micro-typographical refinements (RS)
 (/usr/local/texlive/2025/texmf-dist/tex/latex/graphics/keyval.sty
Package: keyval 2022/05/29 v1.15 key=value parser (DPC)
\KV@toks@=\toks17
) (/usr/local/texlive/2025/texmf-dist/tex/latex/etoolbox/etoolbox.sty
Package: etoolbox 2025/02/11 v2.5l e-TeX tools for LaTeX (JAW)
\etb@tempcnta=\count270
)
\MT@toks=\toks18
\MT@tempbox=\box52
\MT@count=\count271
LaTeX Info: Redefining \noprotrusionifhmode on input line 1087.
LaTeX Info: Redefining \leftprotrusion on input line 1088.
\MT@prot@toks=\toks19
LaTeX Info: Redefining \rightprotrusion on input line 1107.
LaTeX Info: Redefining \textls on input line 1449.
\MT@outer@kern=\dimen142
LaTeX Info: Redefining \microtypecontext on input line 2053.
LaTeX Info: Redefining \textmicrotypecontext on input line 2070.
\MT@listname@count=\count272
 (/usr/local/texlive/2025/texmf-dist/tex/latex/microtype/microtype-pdftex.def
File: microtype-pdftex.def 2025/02/11 v3.2a Definitions specific to pdftex (RS)
LaTeX Info: Redefining \lsstyle on input line 944.
LaTeX Info: Redefining \lslig on input line 944.
\MT@outer@space=\skip51
)
Package microtype Info: Loading configuration file microtype.cfg.
 (/usr/local/texlive/2025/texmf-dist/tex/latex/microtype/microtype.cfg
File: microtype.cfg 2025/02/11 v3.2a microtype main configuration file (RS)
)
LaTeX Info: Redefining \microtypesetup on input line 3065.
) (/usr/local/texlive/2025/texmf-dist/tex/latex/graphics/graphicx.sty
Package: graphicx 2021/09/16 v1.2d Enhanced LaTeX Graphics (DPC,SPQR)
 (/usr/local/texlive/2025/texmf-dist/tex/latex/graphics/graphics.sty
Package: graphics 2024/08/06 v1.4g Standard LaTeX Graphics (DPC,SPQR)
 (/usr/local/texlive/2025/texmf-dist/tex/latex/graphics/trig.sty
Package: trig 2023/12/02 v1.11 sin cos tan (DPC)
) (/usr/local/texlive/2025/texmf-dist/tex/latex/graphics-cfg/graphics.cfg
File: graphics.cfg 2016/06/04 v1.11 sample graphics configuration
)
Package graphics Info: Driver file: pdftex.def on input line 106.
 (/usr/local/texlive/2025/texmf-dist/tex/latex/graphics-def/pdftex.def
File: pdftex.def 2024/04/13 v1.2c Graphics/color driver for pdftex
))
\Gin@req@height=\dimen143
\Gin@req@width=\dimen144
) (/usr/local/texlive/2025/texmf-dist/tex/latex/subfigure/subfigure.sty
Package: subfigure 2002/03/15 v2.1.5 subfigure package
\subfigtopskip=\skip52
\subfigcapskip=\skip53
\subfigcaptopadj=\dimen145
\subfigbottomskip=\skip54
\subfigcapmargin=\dimen146
\subfiglabelskip=\skip55
\c@subfigure=\count273
\c@lofdepth=\count274
\c@subtable=\count275
\c@lotdepth=\count276

****************************************
* Local config file subfigure.cfg used *
****************************************
(/usr/local/texlive/2025/texmf-dist/tex/latex/subfigure/subfigure.cfg)
\subfig@top=\skip56
\subfig@bottom=\skip57
) (/usr/local/texlive/2025/texmf-dist/tex/latex/booktabs/booktabs.sty
Package: booktabs 2020/01/12 v1.61803398 Publication quality tables
\heavyrulewidth=\dimen147
\lightrulewidth=\dimen148
\cmidrulewidth=\dimen149
\belowrulesep=\dimen150
\belowbottomsep=\dimen151
\aboverulesep=\dimen152
\abovetopsep=\dimen153
\cmidrulesep=\dimen154
\cmidrulekern=\dimen155
\defaultaddspace=\dimen156
\@cmidla=\count277
\@cmidlb=\count278
\@aboverulesep=\dimen157
\@belowrulesep=\dimen158
\@thisruleclass=\count279
\@lastruleclass=\count280
\@thisrulewidth=\dimen159
) (/usr/local/texlive/2025/texmf-dist/tex/latex/base/fontenc.sty
Package: fontenc 2021/04/29 v2.0v Standard LaTeX package
) (/usr/local/texlive/2025/texmf-dist/tex/latex/base/inputenc.sty
Package: inputenc 2024/02/08 v1.3d Input encoding file
\inpenc@prehook=\toks20
\inpenc@posthook=\toks21
) (/usr/local/texlive/2025/texmf-dist/tex/latex/float/float.sty
Package: float 2001/11/08 v1.3d Float enhancements (AL)
\c@float@type=\count281
\float@exts=\toks22
\float@box=\box53
\@float@everytoks=\toks23
\@floatcapt=\box54
) (/usr/local/texlive/2025/texmf-dist/tex/latex/hyperref/hyperref.sty
Package: hyperref 2024-11-05 v7.01l Hypertext links for LaTeX
 (/usr/local/texlive/2025/texmf-dist/tex/generic/iftex/iftex.sty
Package: iftex 2024/12/12 v1.0g TeX engine tests
) (/usr/local/texlive/2025/texmf-dist/tex/latex/kvsetkeys/kvsetkeys.sty
Package: kvsetkeys 2022-10-05 v1.19 Key value parser (HO)
) (/usr/local/texlive/2025/texmf-dist/tex/generic/kvdefinekeys/kvdefinekeys.sty
Package: kvdefinekeys 2019-12-19 v1.6 Define keys (HO)
) (/usr/local/texlive/2025/texmf-dist/tex/generic/pdfescape/pdfescape.sty
Package: pdfescape 2019/12/09 v1.15 Implements pdfTeX's escape features (HO)
 (/usr/local/texlive/2025/texmf-dist/tex/generic/ltxcmds/ltxcmds.sty
Package: ltxcmds 2023-12-04 v1.26 LaTeX kernel commands for general use (HO)
) (/usr/local/texlive/2025/texmf-dist/tex/generic/pdftexcmds/pdftexcmds.sty
Package: pdftexcmds 2020-06-27 v0.33 Utility functions of pdfTeX for LuaTeX (HO)
 (/usr/local/texlive/2025/texmf-dist/tex/generic/infwarerr/infwarerr.sty
Package: infwarerr 2019/12/03 v1.5 Providing info/warning/error messages (HO)
)
Package pdftexcmds Info: \pdf@primitive is available.
Package pdftexcmds Info: \pdf@ifprimitive is available.
Package pdftexcmds Info: \pdfdraftmode found.
)) (/usr/local/texlive/2025/texmf-dist/tex/latex/hycolor/hycolor.sty
Package: hycolor 2020-01-27 v1.10 Color options for hyperref/bookmark (HO)
) (/usr/local/texlive/2025/texmf-dist/tex/latex/hyperref/nameref.sty
Package: nameref 2023-11-26 v2.56 Cross-referencing by name of section
 (/usr/local/texlive/2025/texmf-dist/tex/latex/refcount/refcount.sty
Package: refcount 2019/12/15 v3.6 Data extraction from label references (HO)
) (/usr/local/texlive/2025/texmf-dist/tex/generic/gettitlestring/gettitlestring.sty
Package: gettitlestring 2019/12/15 v1.6 Cleanup title references (HO)
 (/usr/local/texlive/2025/texmf-dist/tex/latex/kvoptions/kvoptions.sty
Package: kvoptions 2022-06-15 v3.15 Key value format for package options (HO)
))
\c@section@level=\count282
) (/usr/local/texlive/2025/texmf-dist/tex/generic/stringenc/stringenc.sty
Package: stringenc 2019/11/29 v1.12 Convert strings between diff. encodings (HO)
)
\@linkdim=\dimen160
\Hy@linkcounter=\count283
\Hy@pagecounter=\count284
 (/usr/local/texlive/2025/texmf-dist/tex/latex/hyperref/pd1enc.def
File: pd1enc.def 2024-11-05 v7.01l Hyperref: PDFDocEncoding definition (HO)
Now handling font encoding PD1 ...
... no UTF-8 mapping file for font encoding PD1
) (/usr/local/texlive/2025/texmf-dist/tex/generic/intcalc/intcalc.sty
Package: intcalc 2019/12/15 v1.3 Expandable calculations with integers (HO)
)
\Hy@SavedSpaceFactor=\count285
 (/usr/local/texlive/2025/texmf-dist/tex/latex/hyperref/puenc.def
File: puenc.def 2024-11-05 v7.01l Hyperref: PDF Unicode definition (HO)
Now handling font encoding PU ...
... no UTF-8 mapping file for font encoding PU
)
Package hyperref Info: Hyper figures OFF on input line 4157.
Package hyperref Info: Link nesting OFF on input line 4162.
Package hyperref Info: Hyper index ON on input line 4165.
Package hyperref Info: Plain pages OFF on input line 4172.
Package hyperref Info: Backreferencing OFF on input line 4177.
Package hyperref Info: Implicit mode ON; LaTeX internals redefined.
Package hyperref Info: Bookmarks ON on input line 4424.
\c@Hy@tempcnt=\count286
 (/usr/local/texlive/2025/texmf-dist/tex/latex/url/url.sty
\Urlmuskip=\muskip17
Package: url 2013/09/16  ver 3.4  Verb mode for urls, etc.
)
LaTeX Info: Redefining \url on input line 4763.
\XeTeXLinkMargin=\dimen161
 (/usr/local/texlive/2025/texmf-dist/tex/generic/bitset/bitset.sty
Package: bitset 2019/12/09 v1.3 Handle bit-vector datatype (HO)
 (/usr/local/texlive/2025/texmf-dist/tex/generic/bigintcalc/bigintcalc.sty
Package: bigintcalc 2019/12/15 v1.5 Expandable calculations on big integers (HO)
))
\Fld@menulength=\count287
\Field@Width=\dimen162
\Fld@charsize=\dimen163
Package hyperref Info: Hyper figures OFF on input line 6042.
Package hyperref Info: Link nesting OFF on input line 6047.
Package hyperref Info: Hyper index ON on input line 6050.
Package hyperref Info: backreferencing OFF on input line 6057.
Package hyperref Info: Link coloring OFF on input line 6062.
Package hyperref Info: Link coloring with OCG OFF on input line 6067.
Package hyperref Info: PDF/A mode OFF on input line 6072.
 (/usr/local/texlive/2025/texmf-dist/tex/latex/base/atbegshi-ltx.sty
Package: atbegshi-ltx 2021/01/10 v1.0c Emulation of the original atbegshi
package with kernel methods
)
\Hy@abspage=\count288
\c@Item=\count289
\c@Hfootnote=\count290
)
Package hyperref Info: Driver (autodetected): hpdftex.
 (/usr/local/texlive/2025/texmf-dist/tex/latex/hyperref/hpdftex.def
File: hpdftex.def 2024-11-05 v7.01l Hyperref driver for pdfTeX
 (/usr/local/texlive/2025/texmf-dist/tex/latex/base/atveryend-ltx.sty
Package: atveryend-ltx 2020/08/19 v1.0a Emulation of the original atveryend package
with kernel methods
)
\Fld@listcount=\count291
\c@bookmark@seq@number=\count292
 (/usr/local/texlive/2025/texmf-dist/tex/latex/rerunfilecheck/rerunfilecheck.sty
Package: rerunfilecheck 2022-07-10 v1.10 Rerun checks for auxiliary files (HO)
 (/usr/local/texlive/2025/texmf-dist/tex/generic/uniquecounter/uniquecounter.sty
Package: uniquecounter 2019/12/15 v1.4 Provide unlimited unique counter (HO)
)
Package uniquecounter Info: New unique counter `rerunfilecheck' on input line 285.
)
\Hy@SectionHShift=\skip58
) (./icml2025.sty
Package: icml2025 2023/11/23 v2.0 ICML Conference Style File
 (/usr/local/texlive/2025/texmf-dist/tex/latex/psnfss/times.sty
Package: times 2020/03/25 PSNFSS-v9.3 (SPQR) 
) (./fancyhdr.sty
\fancy@headwidth=\skip59
\f@ncyO@elh=\skip60
\f@ncyO@erh=\skip61
\f@ncyO@olh=\skip62
\f@ncyO@orh=\skip63
\f@ncyO@elf=\skip64
\f@ncyO@erf=\skip65
\f@ncyO@olf=\skip66
\f@ncyO@orf=\skip67
) (/usr/local/texlive/2025/texmf-dist/tex/latex/xcolor/xcolor.sty
Package: xcolor 2024/09/29 v3.02 LaTeX color extensions (UK)
 (/usr/local/texlive/2025/texmf-dist/tex/latex/graphics-cfg/color.cfg
File: color.cfg 2016/01/02 v1.6 sample color configuration
)
Package xcolor Info: Driver file: pdftex.def on input line 274.
 (/usr/local/texlive/2025/texmf-dist/tex/latex/graphics/mathcolor.ltx)
Package xcolor Info: Model `cmy' substituted by `cmy0' on input line 1349.
Package xcolor Info: Model `hsb' substituted by `rgb' on input line 1353.
Package xcolor Info: Model `RGB' extended on input line 1365.
Package xcolor Info: Model `HTML' substituted by `rgb' on input line 1367.
Package xcolor Info: Model `Hsb' substituted by `hsb' on input line 1368.
Package xcolor Info: Model `tHsb' substituted by `hsb' on input line 1369.
Package xcolor Info: Model `HSB' substituted by `hsb' on input line 1370.
Package xcolor Info: Model `Gray' substituted by `gray' on input line 1371.
Package xcolor Info: Model `wave' substituted by `hsb' on input line 1372.
) (./algorithm.sty
Package: algorithm 

Document Style `algorithm' - floating environment
(/usr/local/texlive/2025/texmf-dist/tex/latex/base/ifthen.sty
Package: ifthen 2024/03/16 v1.1e Standard LaTeX ifthen package (DPC)
)
\@float@every@algorithm=\toks24
\c@algorithm=\count293
) (./algorithmic.sty
Package: algorithmic 

Document Style `algorithmic' - environment
(/usr/local/texlive/2025/texmf-dist/tex/latex/tools/calc.sty
Package: calc 2023/07/08 v4.3 Infix arithmetic (KKT,FJ)
\calc@Acount=\count294
\calc@Bcount=\count295
\calc@Adimen=\dimen164
\calc@Bdimen=\dimen165
\calc@Askip=\skip68
\calc@Bskip=\skip69
LaTeX Info: Redefining \setlength on input line 80.
LaTeX Info: Redefining \addtolength on input line 81.
\calc@Ccount=\count296
\calc@Cskip=\skip70
)
\c@ALC@line=\count297
\c@ALC@rem=\count298
\ALC@tlm=\skip71
) (/usr/local/texlive/2025/texmf-dist/tex/latex/natbib/natbib.sty
Package: natbib 2010/09/13 8.31b (PWD, AO)
\bibhang=\skip72
\bibsep=\skip73
LaTeX Info: Redefining \cite on input line 694.
\c@NAT@ctr=\count299
) (/usr/local/texlive/2025/texmf-dist/tex/latex/eso-pic/eso-pic.sty
Package: eso-pic 2023/05/03 v3.0c eso-pic (RN)
\ESO@tempdima=\dimen166
\ESO@tempdimb=\dimen167
) (/usr/local/texlive/2025/texmf-dist/tex/latex/forloop/forloop.sty
Package: forloop 2023/05/03 v3.0 For Loops for LaTeX
)
Package hyperref Info: Option `colorlinks' set `true' on input line 150.
\titrun=\box55
\c@@affiliationcounter=\count300
\c@@affilnum=\count301
\newcaptionbox=\box56
\newcaptionboxwid=\dimen168
\icmlrulerbox=\box57
\icmlrulercount=\count302
\icmlruleroffset=\dimen169
\cv@lineheight=\dimen170
\cv@boxheight=\dimen171
\cv@tmpbox=\box58
\cv@refno=\count303
\cv@tot=\count304
\cv@tmpc@=\count305
\cv@tmpc=\count306
) (/usr/local/texlive/2025/texmf-dist/tex/latex/amsmath/amsmath.sty
Package: amsmath 2024/11/05 v2.17t AMS math features
\@mathmargin=\skip74

For additional information on amsmath, use the `?' option.
(/usr/local/texlive/2025/texmf-dist/tex/latex/amsmath/amstext.sty
Package: amstext 2021/08/26 v2.01 AMS text
 (/usr/local/texlive/2025/texmf-dist/tex/latex/amsmath/amsgen.sty
File: amsgen.sty 1999/11/30 v2.0 generic functions
\@emptytoks=\toks25
\ex@=\dimen172
)) (/usr/local/texlive/2025/texmf-dist/tex/latex/amsmath/amsbsy.sty
Package: amsbsy 1999/11/29 v1.2d Bold Symbols
\pmbraise@=\dimen173
) (/usr/local/texlive/2025/texmf-dist/tex/latex/amsmath/amsopn.sty
Package: amsopn 2022/04/08 v2.04 operator names
)
\inf@bad=\count307
LaTeX Info: Redefining \frac on input line 233.
\uproot@=\count308
\leftroot@=\count309
LaTeX Info: Redefining \overline on input line 398.
LaTeX Info: Redefining \colon on input line 409.
\classnum@=\count310
\DOTSCASE@=\count311
LaTeX Info: Redefining \ldots on input line 495.
LaTeX Info: Redefining \dots on input line 498.
LaTeX Info: Redefining \cdots on input line 619.
\Mathstrutbox@=\box59
\strutbox@=\box60
LaTeX Info: Redefining \big on input line 721.
LaTeX Info: Redefining \Big on input line 722.
LaTeX Info: Redefining \bigg on input line 723.
LaTeX Info: Redefining \Bigg on input line 724.
\big@size=\dimen174
LaTeX Font Info:    Redeclaring font encoding OML on input line 742.
LaTeX Font Info:    Redeclaring font encoding OMS on input line 743.
\macc@depth=\count312
LaTeX Info: Redefining \bmod on input line 904.
LaTeX Info: Redefining \pmod on input line 909.
LaTeX Info: Redefining \smash on input line 939.
LaTeX Info: Redefining \relbar on input line 969.
LaTeX Info: Redefining \Relbar on input line 970.
\c@MaxMatrixCols=\count313
\dotsspace@=\muskip18
\c@parentequation=\count314
\dspbrk@lvl=\count315
\tag@help=\toks26
\row@=\count316
\column@=\count317
\maxfields@=\count318
\andhelp@=\toks27
\eqnshift@=\dimen175
\alignsep@=\dimen176
\tagshift@=\dimen177
\tagwidth@=\dimen178
\totwidth@=\dimen179
\lineht@=\dimen180
\@envbody=\toks28
\multlinegap=\skip75
\multlinetaggap=\skip76
\mathdisplay@stack=\toks29
LaTeX Info: Redefining \[ on input line 2953.
LaTeX Info: Redefining \] on input line 2954.
) (/usr/local/texlive/2025/texmf-dist/tex/latex/amsfonts/amssymb.sty
Package: amssymb 2013/01/14 v3.01 AMS font symbols
 (/usr/local/texlive/2025/texmf-dist/tex/latex/amsfonts/amsfonts.sty
Package: amsfonts 2013/01/14 v3.01 Basic AMSFonts support
\symAMSa=\mathgroup4
\symAMSb=\mathgroup5
LaTeX Font Info:    Redeclaring math symbol \hbar on input line 98.
LaTeX Font Info:    Overwriting math alphabet `\mathfrak' in version `bold'
(Font)                  U/euf/m/n --> U/euf/b/n on input line 106.
)) (/usr/local/texlive/2025/texmf-dist/tex/latex/mathtools/mathtools.sty
Package: mathtools 2024/10/04 v1.31 mathematical typesetting tools
 (/usr/local/texlive/2025/texmf-dist/tex/latex/mathtools/mhsetup.sty
Package: mhsetup 2021/03/18 v1.4 programming setup (MH)
)
\g_MT_multlinerow_int=\count319
\l_MT_multwidth_dim=\dimen181
\origjot=\skip77
\l_MT_shortvdotswithinadjustabove_dim=\dimen182
\l_MT_shortvdotswithinadjustbelow_dim=\dimen183
\l_MT_above_intertext_sep=\dimen184
\l_MT_below_intertext_sep=\dimen185
\l_MT_above_shortintertext_sep=\dimen186
\l_MT_below_shortintertext_sep=\dimen187
\xmathstrut@box=\box61
\xmathstrut@dim=\dimen188
) (/usr/local/texlive/2025/texmf-dist/tex/latex/amscls/amsthm.sty
Package: amsthm 2020/05/29 v2.20.6
\thm@style=\toks30
\thm@bodyfont=\toks31
\thm@headfont=\toks32
\thm@notefont=\toks33
\thm@headpunct=\toks34
\thm@preskip=\skip78
\thm@postskip=\skip79
\thm@headsep=\skip80
\dth@everypar=\toks35
) (/usr/local/texlive/2025/texmf-dist/tex/latex/cleveref/cleveref.sty
Package: cleveref 2018/03/27 v0.21.4 Intelligent cross-referencing
Package cleveref Info: `hyperref' support loaded on input line 2370.
LaTeX Info: Redefining \cref on input line 2370.
LaTeX Info: Redefining \Cref on input line 2370.
LaTeX Info: Redefining \crefrange on input line 2370.
LaTeX Info: Redefining \Crefrange on input line 2370.
LaTeX Info: Redefining \cpageref on input line 2370.
LaTeX Info: Redefining \Cpageref on input line 2370.
LaTeX Info: Redefining \cpagerefrange on input line 2370.
LaTeX Info: Redefining \Cpagerefrange on input line 2370.
LaTeX Info: Redefining \labelcref on input line 2370.
LaTeX Info: Redefining \labelcpageref on input line 2370.
Package cleveref Info: `amsthm' support loaded on input line 3026.
Package cleveref Info: always capitalise cross-reference names on input line 7830.
Package cleveref Info: always capitalise cross-reference names on input line 7852.
Package cleveref Info: no abbreviation of names on input line 7852.
)
\c@theorem=\count320
LaTeX Font Info:    Trying to load font information for T1+ptm on input line 60.
 (/usr/local/texlive/2025/texmf-dist/tex/latex/psnfss/t1ptm.fd
File: t1ptm.fd 2001/06/04 font definitions for T1/ptm.
) (/usr/local/texlive/2025/texmf-dist/tex/latex/l3backend/l3backend-pdftex.def
File: l3backend-pdftex.def 2024-05-08 L3 backend support: PDF output (pdfTeX)
\l__color_backend_stack_int=\count321
\l__pdf_internal_box=\box62
) (./paper.aux)
\openout1 = `paper.aux'.

LaTeX Font Info:    Checking defaults for OML/cmm/m/it on input line 60.
LaTeX Font Info:    ... okay on input line 60.
LaTeX Font Info:    Checking defaults for OMS/cmsy/m/n on input line 60.
LaTeX Font Info:    ... okay on input line 60.
LaTeX Font Info:    Checking defaults for OT1/cmr/m/n on input line 60.
LaTeX Font Info:    ... okay on input line 60.
LaTeX Font Info:    Checking defaults for T1/cmr/m/n on input line 60.
LaTeX Font Info:    ... okay on input line 60.
LaTeX Font Info:    Checking defaults for TS1/cmr/m/n on input line 60.
LaTeX Font Info:    ... okay on input line 60.
LaTeX Font Info:    Checking defaults for OMX/cmex/m/n on input line 60.
LaTeX Font Info:    ... okay on input line 60.
LaTeX Font Info:    Checking defaults for U/cmr/m/n on input line 60.
LaTeX Font Info:    ... okay on input line 60.
LaTeX Font Info:    Checking defaults for PD1/pdf/m/n on input line 60.
LaTeX Font Info:    ... okay on input line 60.
LaTeX Font Info:    Checking defaults for PU/pdf/m/n on input line 60.
LaTeX Font Info:    ... okay on input line 60.
LaTeX Info: Redefining \microtypecontext on input line 60.
Package microtype Info: Applying patch `item' on input line 60.
Package microtype Info: Applying patch `toc' on input line 60.
Package microtype Info: Applying patch `eqnum' on input line 60.
Package microtype Info: Applying patch `footnote' on input line 60.
Package microtype Info: Applying patch `verbatim' on input line 60.
LaTeX Info: Redefining \microtypesetup on input line 60.
Package microtype Info: Generating PDF output.
Package microtype Info: Character protrusion enabled (level 2).
Package microtype Info: Using default protrusion set `alltext'.
Package microtype Info: Automatic font expansion enabled (level 2),
(microtype)             stretch: 20, shrink: 20, step: 1, non-selected.
Package microtype Info: Using default expansion set `alltext-nott'.
LaTeX Info: Redefining \showhyphens on input line 60.
Package microtype Info: No adjustment of tracking.
Package microtype Info: No adjustment of interword spacing.
Package microtype Info: No adjustment of character kerning.
 (/usr/local/texlive/2025/texmf-dist/tex/latex/microtype/mt-ptm.cfg
File: mt-ptm.cfg 2006/04/20 v1.7 microtype config. file: Times (RS)
) (/usr/local/texlive/2025/texmf-dist/tex/context/base/mkii/supp-pdf.mkii
[Loading MPS to PDF converter (version 2006.09.02).]
\scratchcounter=\count322
\scratchdimen=\dimen189
\scratchbox=\box63
\nofMPsegments=\count323
\nofMParguments=\count324
\everyMPshowfont=\toks36
\MPscratchCnt=\count325
\MPscratchDim=\dimen190
\MPnumerator=\count326
\makeMPintoPDFobject=\count327
\everyMPtoPDFconversion=\toks37
) (/usr/local/texlive/2025/texmf-dist/tex/latex/epstopdf-pkg/epstopdf-base.sty
Package: epstopdf-base 2020-01-24 v2.11 Base part for package epstopdf
 (/usr/local/texlive/2025/texmf-dist/tex/latex/grfext/grfext.sty
Package: grfext 2019/12/03 v1.3 Manage graphics extensions (HO)
)
Package epstopdf-base Info: Redefining graphics rule for `.eps' on input line 485.
Package grfext Info: Graphics extension search list:
(grfext)             [.pdf,.png,.jpg,.mps,.jpeg,.jbig2,.jb2,.PDF,.PNG,.JPG,.JPEG,.JBIG2,.JB2,.eps]
(grfext)             \AppendGraphicsExtensions on input line 504.
 (/usr/local/texlive/2025/texmf-dist/tex/latex/latexconfig/epstopdf-sys.cfg
File: epstopdf-sys.cfg 2010/07/13 v1.3 Configuration of (r)epstopdf for TeX Live
))
Package hyperref Info: Link coloring ON on input line 60.
 (./paper.out) (./paper.out)
\@outlinefile=\write3
\openout3 = `paper.out'.

\c@@affilupenn=\count328
 (/usr/local/texlive/2025/texmf-dist/tex/latex/microtype/mt-cmr.cfg
File: mt-cmr.cfg 2013/05/19 v2.2 microtype config. file: Computer Modern Roman (RS)
)
LaTeX Font Info:    Trying to load font information for U+msa on input line 77.
 (/usr/local/texlive/2025/texmf-dist/tex/latex/amsfonts/umsa.fd
File: umsa.fd 2013/01/14 v3.01 AMS symbols A
) (/usr/local/texlive/2025/texmf-dist/tex/latex/microtype/mt-msa.cfg
File: mt-msa.cfg 2006/02/04 v1.1 microtype config. file: AMS symbols (a) (RS)
)
LaTeX Font Info:    Trying to load font information for U+msb on input line 77.
 (/usr/local/texlive/2025/texmf-dist/tex/latex/amsfonts/umsb.fd
File: umsb.fd 2013/01/14 v3.01 AMS symbols B
) (/usr/local/texlive/2025/texmf-dist/tex/latex/microtype/mt-msb.cfg
File: mt-msb.cfg 2005/06/01 v1.0 microtype config. file: AMS symbols (b) (RS)
)

Package hyperref Warning: Ignoring empty anchor on input line 79.




Underfull \vbox (badness 10000) has occurred while \output is active []



[1{/usr/local/texlive/2025/texmf-var/fonts/map/pdftex/updmap/pdftex.map}{/usr/local/texlive/2025/texmf-dist/fonts/enc/dvips/base/8r.enc}



]
LaTeX Font Info:    Trying to load font information for TS1+ptm on input line 102.
 (/usr/local/texlive/2025/texmf-dist/tex/latex/psnfss/ts1ptm.fd
File: ts1ptm.fd 2001/06/04 font definitions for TS1/ptm.
)
Underfull \hbox (badness 2150) in paragraph at lines 104--105
\T1/ptm/m/n/10 (+20) sum games (Match-ing Pen-nies and Rock-Paper-
 []





[2]



[3]
Underfull \hbox (badness 10000) in paragraph at lines 234--235
[]\T1/ptm/b/n/10 (+20) Regret-matching reg-u-lar-izer\T1/ptm/m/n/10 (+20) :
 []


Underfull \hbox (badness 10000) in paragraph at lines 236--237
[]\T1/ptm/b/n/10 (+20) Entropy reg-u-lar-iza-tion\T1/ptm/m/n/10 (+20) : $\OMS/cmsy/m/n/10 ^^@\OML/cmm/m/it/10 ^^U[]H\OT1/cmr/m/n/10 (\OML/cmm/m/it/10 ^^Y[]\OT1/cmr/m/n/10 ) =
 []


Underfull \hbox (badness 10000) in paragraph at lines 236--237
\OML/cmm/m/it/10 ^^U[] [][] ^^Y[]\OT1/cmr/m/n/10 (\OML/cmm/m/it/10 a\OT1/cmr/m/n/10 ) [] \OML/cmm/m/it/10 ^^Y[]\OT1/cmr/m/n/10 (\OML/cmm/m/it/10 a\OT1/cmr/m/n/10 )$ \T1/ptm/m/n/10 (+20) en-cour-ages ex-plo-ration
 []




Underfull \vbox (badness 10000) has occurred while \output is active []



[4]
Underfull \hbox (badness 3792) in paragraph at lines 291--292
[]\T1/ptm/m/n/10 (+20) The key hy-per-pa-ram-e-ter is the regret-matching co-
 []


Underfull \hbox (badness 3514) in paragraph at lines 291--292
\T1/ptm/m/n/10 (+20) ef-fi-cient $\OML/cmm/m/it/10 ^^U[]$\T1/ptm/m/n/10 (+20) . We con-duct a sweep over $\OML/cmm/m/it/10 ^^U[] \OMS/cmsy/m/n/10 2
 []





[5]
Underfull \hbox (badness 10000) in paragraph at lines 380--381
[]\T1/ptm/b/n/10 (+20) PG-RM+ $\OML/cmm/m/it/10 ^^U[]$\T1/ptm/b/n/10 (+20) : \T1/ptm/m/n/10 (+20) Our pro-posed RRPG
 []


Underfull \hbox (badness 10000) in paragraph at lines 380--381
\T1/ptm/m/n/10 (+20) with regret-matching co-ef-fi-cient $\OML/cmm/m/it/10 ^^U[] \OMS/cmsy/m/n/10 2
 []


Underfull \hbox (badness 10000) in paragraph at lines 380--381
\OMS/cmsy/m/n/10 f\OT1/cmr/m/n/10 0\OML/cmm/m/it/10 :\OT1/cmr/m/n/10 05\OML/cmm/m/it/10 ; \OT1/cmr/m/n/10 0\OML/cmm/m/it/10 :\OT1/cmr/m/n/10 1\OML/cmm/m/it/10 ; \OT1/cmr/m/n/10 0\OML/cmm/m/it/10 :\OT1/cmr/m/n/10 2\OML/cmm/m/it/10 ; \OT1/cmr/m/n/10 0\OML/cmm/m/it/10 :\OT1/cmr/m/n/10 5\OML/cmm/m/it/10 ; \OT1/cmr/m/n/10 1\OML/cmm/m/it/10 :\OT1/cmr/m/n/10 0\OML/cmm/m/it/10 ; \OT1/cmr/m/n/10 2\OML/cmm/m/it/10 :\OT1/cmr/m/n/10 0\OMS/cmsy/m/n/10 g$ \T1/ptm/m/n/10 (+20) and en-tropy co-ef-fi-
 []





[6]



[7]


Underfull \vbox (badness 1292) has occurred while \output is active []



[8]



[9]



[10]
Underfull \hbox (badness 10000) in paragraph at lines 759--760
 \T1/ptm/b/n/10 (+20) Pol-icy gra-di-ent meth-ods. \T1/ptm/m/n/10 (+20) Pol-icy gra-di-ent al-go-
 []





[11]

(./paper.bbl

[12])



[13

]
<figures/adaptive/bar__MP__ER+.png, id=267, 715.473pt x 336.7782pt>
File: figures/adaptive/bar__MP__ER+.png Graphic file (type png)
<use figures/adaptive/bar__MP__ER+.png>
Package pdftex.def Info: figures/adaptive/bar__MP__ER+.png  used on input line 835.
(pdftex.def)             Requested size: 390.25948pt x 183.6972pt.
<figures/adaptive/bar__MP__EXP.png, id=269, 715.473pt x 323.40825pt>
File: figures/adaptive/bar__MP__EXP.png Graphic file (type png)
<use figures/adaptive/bar__MP__EXP.png>
Package pdftex.def Info: figures/adaptive/bar__MP__EXP.png  used on input line 836.
(pdftex.def)             Requested size: 390.25948pt x 176.4045pt.
<figures/adaptive/bar__MP__IR.png, id=270, 715.473pt x 323.40825pt>
File: figures/adaptive/bar__MP__IR.png Graphic file (type png)
<use figures/adaptive/bar__MP__IR.png>
Package pdftex.def Info: figures/adaptive/bar__MP__IR.png  used on input line 837.
(pdftex.def)             Requested size: 390.25948pt x 176.4045pt.

Underfull \vbox (badness 10000) has occurred while \output is active []



[14


]
Underfull \vbox (badness 2005) has occurred while \output is active []



[15 <./figures/adaptive/bar__MP__ER+.png> <./figures/adaptive/bar__MP__EXP.png> <./figures/adaptive/bar__MP__IR.png>]
<figures/adaptive/bar__RPS__ER+.png, id=284, 715.473pt x 336.7782pt>
File: figures/adaptive/bar__RPS__ER+.png Graphic file (type png)
<use figures/adaptive/bar__RPS__ER+.png>
Package pdftex.def Info: figures/adaptive/bar__RPS__ER+.png  used on input line 851.
(pdftex.def)             Requested size: 390.25948pt x 183.6972pt.
<figures/adaptive/bar__RPS__EXP.png, id=285, 715.473pt x 323.7696pt>
File: figures/adaptive/bar__RPS__EXP.png Graphic file (type png)
<use figures/adaptive/bar__RPS__EXP.png>
Package pdftex.def Info: figures/adaptive/bar__RPS__EXP.png  used on input line 852.
(pdftex.def)             Requested size: 390.25948pt x 176.60161pt.
<figures/adaptive/bar__RPS__IR.png, id=286, 715.473pt x 328.1058pt>
File: figures/adaptive/bar__RPS__IR.png Graphic file (type png)
<use figures/adaptive/bar__RPS__IR.png>
Package pdftex.def Info: figures/adaptive/bar__RPS__IR.png  used on input line 853.
(pdftex.def)             Requested size: 390.25948pt x 178.96681pt.


[16

 <./figures/adaptive/bar__RPS__ER+.png> <./figures/adaptive/bar__RPS__EXP.png> <./figures/adaptive/bar__RPS__IR.png>]
<figures/static/bar__MP__ER+.png, id=295, 730.28835pt x 341.1144pt>
File: figures/static/bar__MP__ER+.png Graphic file (type png)
<use figures/static/bar__MP__ER+.png>
Package pdftex.def Info: figures/static/bar__MP__ER+.png  used on input line 867.
(pdftex.def)             Requested size: 390.25948pt x 182.28879pt.
<figures/static/bar__MP__EXP.png, id=296, 715.473pt x 328.1058pt>
File: figures/static/bar__MP__EXP.png Graphic file (type png)
<use figures/static/bar__MP__EXP.png>
Package pdftex.def Info: figures/static/bar__MP__EXP.png  used on input line 868.
(pdftex.def)             Requested size: 390.25948pt x 178.96681pt.
<figures/static/bar__MP__IR.png, id=297, 715.473pt x 341.1144pt>
File: figures/static/bar__MP__IR.png Graphic file (type png)
<use figures/static/bar__MP__IR.png>
Package pdftex.def Info: figures/static/bar__MP__IR.png  used on input line 869.
(pdftex.def)             Requested size: 390.25948pt x 186.0624pt.


[17

 <./figures/static/bar__MP__ER+.png> <./figures/static/bar__MP__EXP.png> <./figures/static/bar__MP__IR.png>]
<figures/static/bar__RPS__ER+.png, id=307, 736.79265pt x 345.81195pt>
File: figures/static/bar__RPS__ER+.png Graphic file (type png)
<use figures/static/bar__RPS__ER+.png>
Package pdftex.def Info: figures/static/bar__RPS__ER+.png  used on input line 883.
(pdftex.def)             Requested size: 390.25948pt x 183.16866pt.
<figures/static/bar__RPS__EXP.png, id=308, 715.473pt x 328.1058pt>
File: figures/static/bar__RPS__EXP.png Graphic file (type png)
<use figures/static/bar__RPS__EXP.png>
Package pdftex.def Info: figures/static/bar__RPS__EXP.png  used on input line 884.
(pdftex.def)             Requested size: 390.25948pt x 178.96681pt.
<figures/static/bar__RPS__IR.png, id=309, 715.473pt x 345.81195pt>
File: figures/static/bar__RPS__IR.png Graphic file (type png)
<use figures/static/bar__RPS__IR.png>
Package pdftex.def Info: figures/static/bar__RPS__IR.png  used on input line 885.
(pdftex.def)             Requested size: 390.25948pt x 188.62471pt.


[18

 <./figures/static/bar__RPS__ER+.png> <./figures/static/bar__RPS__EXP.png> <./figures/static/bar__RPS__IR.png>]
<figures/adaptive/curve__MP__MW__ER__rmplus_lambda_sweep.png, id=319, 748.7172pt x 332.08064pt>
File: figures/adaptive/curve__MP__MW__ER__rmplus_lambda_sweep.png Graphic file (type png)
<use figures/adaptive/curve__MP__MW__ER__rmplus_lambda_sweep.png>
Package pdftex.def Info: figures/adaptive/curve__MP__MW__ER__rmplus_lambda_sweep.png  used on input line 903.
(pdftex.def)             Requested size: 487.8225pt x 216.37177pt.
<figures/adaptive/curve__RPS__MW__ER__rmplus_lambda_sweep.png, id=320, 748.7172pt x 332.08064pt>
File: figures/adaptive/curve__RPS__MW__ER__rmplus_lambda_sweep.png Graphic file (type png)
<use figures/adaptive/curve__RPS__MW__ER__rmplus_lambda_sweep.png>
Package pdftex.def Info: figures/adaptive/curve__RPS__MW__ER__rmplus_lambda_sweep.png  used on input line 904.
(pdftex.def)             Requested size: 487.8225pt x 216.37177pt.


[19

 <./figures/adaptive/curve__MP__MW__ER__rmplus_lambda_sweep.png> <./figures/adaptive/curve__RPS__MW__ER__rmplus_lambda_sweep.png>]
<figures/adaptive/curve__MP__MW__ER__functional_form.png, id=331, 767.5074pt x 332.08064pt>
File: figures/adaptive/curve__MP__MW__ER__functional_form.png Graphic file (type png)
<use figures/adaptive/curve__MP__MW__ER__functional_form.png>
Package pdftex.def Info: figures/adaptive/curve__MP__MW__ER__functional_form.png  used on input line 920.
(pdftex.def)             Requested size: 487.8225pt x 211.06648pt.
<figures/adaptive/curve__RPS__MW__ER__functional_form.png, id=332, 767.5074pt x 332.08064pt>
File: figures/adaptive/curve__RPS__MW__ER__functional_form.png Graphic file (type png)
<use figures/adaptive/curve__RPS__MW__ER__functional_form.png>
Package pdftex.def Info: figures/adaptive/curve__RPS__MW__ER__functional_form.png  used on input line 921.
(pdftex.def)             Requested size: 487.8225pt x 211.06648pt.


[20

 <./figures/adaptive/curve__MP__MW__ER__functional_form.png> <./figures/adaptive/curve__RPS__MW__ER__functional_form.png>]
<figures/adaptive/curve__MP__EXP3__ER__functional_form.png, id=340, 767.5074pt x 332.08064pt>
File: figures/adaptive/curve__MP__EXP3__ER__functional_form.png Graphic file (type png)
<use figures/adaptive/curve__MP__EXP3__ER__functional_form.png>
Package pdftex.def Info: figures/adaptive/curve__MP__EXP3__ER__functional_form.png  used on input line 930.
(pdftex.def)             Requested size: 487.8225pt x 211.06648pt.
<figures/adaptive/curve__RPS__EXP3__ER__functional_form.png, id=341, 767.5074pt x 332.08064pt>
File: figures/adaptive/curve__RPS__EXP3__ER__functional_form.png Graphic file (type png)
<use figures/adaptive/curve__RPS__EXP3__ER__functional_form.png>
Package pdftex.def Info: figures/adaptive/curve__RPS__EXP3__ER__functional_form.png  used on input line 931.
(pdftex.def)             Requested size: 487.8225pt x 211.06648pt.


[21

 <./figures/adaptive/curve__MP__EXP3__ER__functional_form.png> <./figures/adaptive/curve__RPS__EXP3__ER__functional_form.png>]
<figures/adaptive/curve__MP__MW__ER__discounting.png, id=349, 779.43195pt x 332.08064pt>
File: figures/adaptive/curve__MP__MW__ER__discounting.png Graphic file (type png)
<use figures/adaptive/curve__MP__MW__ER__discounting.png>
Package pdftex.def Info: figures/adaptive/curve__MP__MW__ER__discounting.png  used on input line 944.
(pdftex.def)             Requested size: 487.8225pt x 207.84378pt.
<figures/adaptive/curve__RPS__MW__ER__discounting.png, id=350, 779.43195pt x 332.08064pt>
File: figures/adaptive/curve__RPS__MW__ER__discounting.png Graphic file (type png)
<use figures/adaptive/curve__RPS__MW__ER__discounting.png>
Package pdftex.def Info: figures/adaptive/curve__RPS__MW__ER__discounting.png  used on input line 945.
(pdftex.def)             Requested size: 487.8225pt x 207.84378pt.


[22

 <./figures/adaptive/curve__MP__MW__ER__discounting.png> <./figures/adaptive/curve__RPS__MW__ER__discounting.png>]
<figures/adaptive/curve__MP__MW__ER__schedules.png, id=358, 778.70924pt x 332.08064pt>
File: figures/adaptive/curve__MP__MW__ER__schedules.png Graphic file (type png)
<use figures/adaptive/curve__MP__MW__ER__schedules.png>
Package pdftex.def Info: figures/adaptive/curve__MP__MW__ER__schedules.png  used on input line 958.
(pdftex.def)             Requested size: 487.8225pt x 208.03633pt.
<figures/adaptive/curve__RPS__MW__ER__schedules.png, id=359, 778.70924pt x 332.08064pt>
File: figures/adaptive/curve__RPS__MW__ER__schedules.png Graphic file (type png)
<use figures/adaptive/curve__RPS__MW__ER__schedules.png>
Package pdftex.def Info: figures/adaptive/curve__RPS__MW__ER__schedules.png  used on input line 959.
(pdftex.def)             Requested size: 487.8225pt x 208.03633pt.


[23

 <./figures/adaptive/curve__MP__MW__ER__schedules.png> <./figures/adaptive/curve__RPS__MW__ER__schedules.png>]
<figures/adaptive/curve__MP__MW__ER__ablation_components.png, id=367, 756.30556pt x 332.08064pt>
File: figures/adaptive/curve__MP__MW__ER__ablation_components.png Graphic file (type png)
<use figures/adaptive/curve__MP__MW__ER__ablation_components.png>
Package pdftex.def Info: figures/adaptive/curve__MP__MW__ER__ablation_components.png  used on input line 972.
(pdftex.def)             Requested size: 487.8225pt x 214.19797pt.
<figures/adaptive/curve__RPS__MW__ER__ablation_components.png, id=368, 756.30556pt x 332.08064pt>
File: figures/adaptive/curve__RPS__MW__ER__ablation_components.png Graphic file (type png)
<use figures/adaptive/curve__RPS__MW__ER__ablation_components.png>
Package pdftex.def Info: figures/adaptive/curve__RPS__MW__ER__ablation_components.png  used on input line 973.
(pdftex.def)             Requested size: 487.8225pt x 214.19797pt.


[24

 <./figures/adaptive/curve__MP__MW__ER__ablation_components.png> <./figures/adaptive/curve__RPS__MW__ER__ablation_components.png>]
<figures/adaptive/curve__MP__EXP3__ER__ablation_components.png, id=376, 756.30556pt x 332.08064pt>
File: figures/adaptive/curve__MP__EXP3__ER__ablation_components.png Graphic file (type png)
<use figures/adaptive/curve__MP__EXP3__ER__ablation_components.png>
Package pdftex.def Info: figures/adaptive/curve__MP__EXP3__ER__ablation_components.png  used on input line 982.
(pdftex.def)             Requested size: 487.8225pt x 214.19797pt.
<figures/adaptive/curve__RPS__EXP3__ER__ablation_components.png, id=377, 756.30556pt x 332.08064pt>
File: figures/adaptive/curve__RPS__EXP3__ER__ablation_components.png Graphic file (type png)
<use figures/adaptive/curve__RPS__EXP3__ER__ablation_components.png>
Package pdftex.def Info: figures/adaptive/curve__RPS__EXP3__ER__ablation_components.png  used on input line 983.
(pdftex.def)             Requested size: 487.8225pt x 214.19797pt.


[25

 <./figures/adaptive/curve__MP__EXP3__ER__ablation_components.png> <./figures/adaptive/curve__RPS__EXP3__ER__ablation_components.png>]
<figures/adaptive/curve__MP__MW__ER__baseline_comparison.png, id=386, 744.381pt x 332.08064pt>
File: figures/adaptive/curve__MP__MW__ER__baseline_comparison.png Graphic file (type png)
<use figures/adaptive/curve__MP__MW__ER__baseline_comparison.png>
Package pdftex.def Info: figures/adaptive/curve__MP__MW__ER__baseline_comparison.png  used on input line 996.
(pdftex.def)             Requested size: 487.8225pt x 217.62335pt.
<figures/adaptive/curve__RPS__MW__ER__baseline_comparison.png, id=387, 744.381pt x 332.08064pt>
File: figures/adaptive/curve__RPS__MW__ER__baseline_comparison.png Graphic file (type png)
<use figures/adaptive/curve__RPS__MW__ER__baseline_comparison.png>
Package pdftex.def Info: figures/adaptive/curve__RPS__MW__ER__baseline_comparison.png  used on input line 997.
(pdftex.def)             Requested size: 487.8225pt x 217.62335pt.


[26

 <./figures/adaptive/curve__MP__MW__ER__baseline_comparison.png> <./figures/adaptive/curve__RPS__MW__ER__baseline_comparison.png>]
<figures/adaptive/curve__MP__EXP3__ER__baseline_comparison.png, id=394, 744.381pt x 332.08064pt>
File: figures/adaptive/curve__MP__EXP3__ER__baseline_comparison.png Graphic file (type png)
<use figures/adaptive/curve__MP__EXP3__ER__baseline_comparison.png>
Package pdftex.def Info: figures/adaptive/curve__MP__EXP3__ER__baseline_comparison.png  used on input line 1006.
(pdftex.def)             Requested size: 487.8225pt x 217.62335pt.
<figures/adaptive/curve__RPS__EXP3__ER__baseline_comparison.png, id=395, 744.381pt x 332.08064pt>
File: figures/adaptive/curve__RPS__EXP3__ER__baseline_comparison.png Graphic file (type png)
<use figures/adaptive/curve__RPS__EXP3__ER__baseline_comparison.png>
Package pdftex.def Info: figures/adaptive/curve__RPS__EXP3__ER__baseline_comparison.png  used on input line 1007.
(pdftex.def)             Requested size: 487.8225pt x 217.62335pt.


[27

 <./figures/adaptive/curve__MP__EXP3__ER__baseline_comparison.png> <./figures/adaptive/curve__RPS__EXP3__ER__baseline_comparison.png>]
<figures/static/curve__MP__Det__ER__baseline_comparison.png, id=402, 744.381pt x 332.08064pt>
File: figures/static/curve__MP__Det__ER__baseline_comparison.png Graphic file (type png)
<use figures/static/curve__MP__Det__ER__baseline_comparison.png>
Package pdftex.def Info: figures/static/curve__MP__Det__ER__baseline_comparison.png  used on input line 1020.
(pdftex.def)             Requested size: 390.25948pt x 174.10173pt.
<figures/static/curve__MP__Bias__ER__baseline_comparison.png, id=403, 744.381pt x 332.08064pt>
File: figures/static/curve__MP__Bias__ER__baseline_comparison.png Graphic file (type png)
<use figures/static/curve__MP__Bias__ER__baseline_comparison.png>
Package pdftex.def Info: figures/static/curve__MP__Bias__ER__baseline_comparison.png  used on input line 1021.
(pdftex.def)             Requested size: 390.25948pt x 174.10173pt.
<figures/static/curve__MP__Uni__ER__baseline_comparison.png, id=404, 744.381pt x 332.08064pt>
File: figures/static/curve__MP__Uni__ER__baseline_comparison.png Graphic file (type png)
<use figures/static/curve__MP__Uni__ER__baseline_comparison.png>
Package pdftex.def Info: figures/static/curve__MP__Uni__ER__baseline_comparison.png  used on input line 1022.
(pdftex.def)             Requested size: 390.25948pt x 174.10173pt.


[28

 <./figures/static/curve__MP__Det__ER__baseline_comparison.png> <./figures/static/curve__MP__Bias__ER__baseline_comparison.png> <./figures/static/curve__MP__Uni__ER__baseline_comparison.png>]
<figures/static/curve__RPS__Det__ER__baseline_comparison.png, id=413, 744.381pt x 332.08064pt>
File: figures/static/curve__RPS__Det__ER__baseline_comparison.png Graphic file (type png)
<use figures/static/curve__RPS__Det__ER__baseline_comparison.png>
Package pdftex.def Info: figures/static/curve__RPS__Det__ER__baseline_comparison.png  used on input line 1031.
(pdftex.def)             Requested size: 390.25948pt x 174.10173pt.
<figures/static/curve__RPS__Bias__ER__baseline_comparison.png, id=414, 744.381pt x 332.08064pt>
File: figures/static/curve__RPS__Bias__ER__baseline_comparison.png Graphic file (type png)
<use figures/static/curve__RPS__Bias__ER__baseline_comparison.png>
Package pdftex.def Info: figures/static/curve__RPS__Bias__ER__baseline_comparison.png  used on input line 1032.
(pdftex.def)             Requested size: 390.25948pt x 174.10173pt.
<figures/static/curve__RPS__Uni__ER__baseline_comparison.png, id=415, 744.381pt x 332.08064pt>
File: figures/static/curve__RPS__Uni__ER__baseline_comparison.png Graphic file (type png)
<use figures/static/curve__RPS__Uni__ER__baseline_comparison.png>
Package pdftex.def Info: figures/static/curve__RPS__Uni__ER__baseline_comparison.png  used on input line 1033.
(pdftex.def)             Requested size: 390.25948pt x 174.10173pt.


[29

 <./figures/static/curve__RPS__Det__ER__baseline_comparison.png> <./figures/static/curve__RPS__Bias__ER__baseline_comparison.png> <./figures/static/curve__RPS__Uni__ER__baseline_comparison.png>]
<figures/adaptive/curve__MP__MW__ERcum__baseline_comparison.png, id=424, 753.0534pt x 332.08064pt>
File: figures/adaptive/curve__MP__MW__ERcum__baseline_comparison.png Graphic file (type png)
<use figures/adaptive/curve__MP__MW__ERcum__baseline_comparison.png>
Package pdftex.def Info: figures/adaptive/curve__MP__MW__ERcum__baseline_comparison.png  used on input line 1050.
(pdftex.def)             Requested size: 487.8225pt x 215.1202pt.
<figures/adaptive/curve__RPS__MW__ERcum__baseline_comparison.png, id=425, 746.5491pt x 332.08064pt>
File: figures/adaptive/curve__RPS__MW__ERcum__baseline_comparison.png Graphic file (type png)
<use figures/adaptive/curve__RPS__MW__ERcum__baseline_comparison.png>
Package pdftex.def Info: figures/adaptive/curve__RPS__MW__ERcum__baseline_comparison.png  used on input line 1051.
(pdftex.def)             Requested size: 487.8225pt x 216.99503pt.


[30

 <./figures/adaptive/curve__MP__MW__ERcum__baseline_comparison.png> <./figures/adaptive/curve__RPS__MW__ERcum__baseline_comparison.png>]
<figures/adaptive/curve__MP__MW__IRavg__baseline_comparison.png, id=436, 737.154pt x 332.08064pt>
File: figures/adaptive/curve__MP__MW__IRavg__baseline_comparison.png Graphic file (type png)
<use figures/adaptive/curve__MP__MW__IRavg__baseline_comparison.png>
Package pdftex.def Info: figures/adaptive/curve__MP__MW__IRavg__baseline_comparison.png  used on input line 1064.
(pdftex.def)             Requested size: 487.8225pt x 219.76675pt.
<figures/adaptive/curve__RPS__MW__IRavg__baseline_comparison.png, id=437, 737.154pt x 332.08064pt>
File: figures/adaptive/curve__RPS__MW__IRavg__baseline_comparison.png Graphic file (type png)
<use figures/adaptive/curve__RPS__MW__IRavg__baseline_comparison.png>
Package pdftex.def Info: figures/adaptive/curve__RPS__MW__IRavg__baseline_comparison.png  used on input line 1065.
(pdftex.def)             Requested size: 487.8225pt x 219.76675pt.


[31

 <./figures/adaptive/curve__MP__MW__IRavg__baseline_comparison.png> <./figures/adaptive/curve__RPS__MW__IRavg__baseline_comparison.png>] (./paper.aux)
 ***********
LaTeX2e <2024-11-01> patch level 2
L3 programming layer <2025-01-18>
 ***********
Package rerunfilecheck Info: File `paper.out' has not changed.
(rerunfilecheck)             Checksum: D41D8CD98F00B204E9800998ECF8427E;0.
 ) 
Here is how much of TeX's memory you used:
 17098 strings out of 473190
 289017 string characters out of 5715801
 741203 words of memory out of 5000000
 39589 multiletter control sequences out of 15000+600000
 622460 words of font info for 321 fonts, out of 8000000 for 9000
 1141 hyphenation exceptions out of 8191
 75i,16n,79p,1255b,640s stack positions out of 10000i,1000n,20000p,200000b,200000s
</usr/local/texlive/2025/texmf-dist/fonts/type1/public/amsfonts/cm/cmex10.pfb></usr/local/texlive/2025/texmf-dist/fonts/type1/public/amsfonts/cm/cmmi10.pfb></usr/local/texlive/2025/texmf-dist/fonts/type1/public/amsfonts/cm/cmmi5.pfb></usr/local/texlive/2025/texmf-dist/fonts/type1/public/amsfonts/cm/cmmi6.pfb></usr/local/texlive/2025/texmf-dist/fonts/type1/public/amsfonts/cm/cmmi7.pfb></usr/local/texlive/2025/texmf-dist/fonts/type1/public/amsfonts/cm/cmmi9.pfb></usr/local/texlive/2025/texmf-dist/fonts/type1/public/amsfonts/cm/cmr10.pfb></usr/local/texlive/2025/texmf-dist/fonts/type1/public/amsfonts/cm/cmr7.pfb></usr/local/texlive/2025/texmf-dist/fonts/type1/public/amsfonts/cm/cmr9.pfb></usr/local/texlive/2025/texmf-dist/fonts/type1/public/amsfonts/cm/cmsy10.pfb></usr/local/texlive/2025/texmf-dist/fonts/type1/public/amsfonts/cm/cmsy5.pfb></usr/local/texlive/2025/texmf-dist/fonts/type1/public/amsfonts/cm/cmsy7.pfb></usr/local/texlive/2025/texmf-dist/fonts/type1/public/amsfonts/cm/cmsy9.pfb></usr/local/texlive/2025/texmf-dist/fonts/type1/public/amsfonts/symbols/msbm10.pfb></usr/local/texlive/2025/texmf-dist/fonts/type1/urw/times/utmb8a.pfb></usr/local/texlive/2025/texmf-dist/fonts/type1/urw/times/utmr8a.pfb></usr/local/texlive/2025/texmf-dist/fonts/type1/urw/times/utmr8a.pfb></usr/local/texlive/2025/texmf-dist/fonts/type1/urw/times/utmri8a.pfb>
Output written on paper.pdf (31 pages, 4519407 bytes).
PDF statistics:
 556 PDF objects out of 1000 (max. 8388607)
 402 compressed objects within 5 object streams
 149 named destinations out of 1000 (max. 500000)
 60105 words of extra memory for PDF output out of 61914 (max. 10000000)

